{
  level: 'info',
  message: 'LOG : Server is started',
  label: 'log',
  timestamp: '2023-06-01T18:22:07.052Z'
}
{
  hostName: 'ac-yyuy2fs-shard-00-00.gzjsydy.mongodb.net',
  database_port: 27017,
  name: 'music-app',
  keepAlive: undefined,
  level: 'info',
  message: 'Succesfully connected to the database',
  label: 'log',
  timestamp: '2023-06-01T18:22:07.793Z'
}
{
  level: 'info',
  message: 'LOG : Server is started',
  label: 'log',
  timestamp: '2023-06-01T18:22:30.722Z'
}
{
  hostName: 'ac-yyuy2fs-shard-00-00.gzjsydy.mongodb.net',
  database_port: 27017,
  name: 'music-app',
  keepAlive: undefined,
  level: 'info',
  message: 'Succesfully connected to the database',
  label: 'log',
  timestamp: '2023-06-01T18:22:31.310Z'
}
{
  level: 'info',
  message: 'LOG : Server is started',
  label: 'log',
  timestamp: '2023-06-01T18:22:47.316Z'
}
{
  hostName: 'ac-yyuy2fs-shard-00-00.gzjsydy.mongodb.net',
  database_port: 27017,
  name: 'music-app',
  keepAlive: undefined,
  level: 'info',
  message: 'Succesfully connected to the database',
  label: 'log',
  timestamp: '2023-06-01T18:22:47.918Z'
}
{
  level: 'info',
  message: 'LOG : Server is started',
  label: 'log',
  timestamp: '2023-06-01T18:22:51.838Z'
}
{
  hostName: 'ac-yyuy2fs-shard-00-00.gzjsydy.mongodb.net',
  database_port: 27017,
  name: 'music-app',
  keepAlive: undefined,
  level: 'info',
  message: 'Succesfully connected to the database',
  label: 'log',
  timestamp: '2023-06-01T18:22:52.425Z'
}
{
  level: 'info',
  message: 'LOG : Server is started',
  label: 'log',
  timestamp: '2023-06-01T18:22:59.095Z'
}
{
  hostName: 'ac-yyuy2fs-shard-00-00.gzjsydy.mongodb.net',
  database_port: 27017,
  name: 'music-app',
  keepAlive: undefined,
  level: 'info',
  message: 'Succesfully connected to the database',
  label: 'log',
  timestamp: '2023-06-01T18:22:59.673Z'
}
{
  level: 'info',
  message: 'LOG : Server is started',
  label: 'log',
  timestamp: '2023-06-05T19:45:54.242Z'
}
{
  hostName: 'ac-yyuy2fs-shard-00-02.gzjsydy.mongodb.net',
  database_port: 27017,
  name: 'music-app',
  keepAlive: undefined,
  level: 'info',
  message: 'Succesfully connected to the database',
  label: 'log',
  timestamp: '2023-06-05T19:45:54.823Z'
}
{
  level: 'info',
  message: 'LOG : Server is started',
  label: 'log',
  timestamp: '2023-06-05T19:46:20.828Z'
}
{
  hostName: 'ac-yyuy2fs-shard-00-00.gzjsydy.mongodb.net',
  database_port: 27017,
  name: 'music-app',
  keepAlive: undefined,
  level: 'info',
  message: 'Succesfully connected to the database',
  label: 'log',
  timestamp: '2023-06-05T19:46:21.439Z'
}
{
  level: 'info',
  message: 'LOG : Server is started',
  label: 'log',
  timestamp: '2023-06-05T19:48:22.505Z'
}
{
  hostName: 'ac-yyuy2fs-shard-00-00.gzjsydy.mongodb.net',
  database_port: 27017,
  name: 'music-app',
  keepAlive: undefined,
  level: 'info',
  message: 'Succesfully connected to the database',
  label: 'log',
  timestamp: '2023-06-05T19:48:23.260Z'
}
{
  level: 'info',
  message: 'LOG : Server is started',
  label: 'log',
  timestamp: '2023-06-05T20:14:02.898Z'
}
{
  hostName: 'ac-yyuy2fs-shard-00-01.gzjsydy.mongodb.net',
  database_port: 27017,
  name: 'music-app',
  keepAlive: undefined,
  level: 'info',
  message: 'Succesfully connected to the database',
  label: 'log',
  timestamp: '2023-06-05T20:14:03.682Z'
}
{
  level: 'info',
  message: 'LOG : Server is started',
  label: 'log',
  timestamp: '2023-06-05T20:15:02.629Z'
}
{
  hostName: 'ac-yyuy2fs-shard-00-01.gzjsydy.mongodb.net',
  database_port: 27017,
  name: 'music-app',
  keepAlive: undefined,
  level: 'info',
  message: 'Succesfully connected to the database',
  label: 'log',
  timestamp: '2023-06-05T20:15:03.222Z'
}
{
  level: 'info',
  message: 'LOG : Server is started',
  label: 'log',
  timestamp: '2023-06-05T20:15:13.618Z'
}
{
  hostName: 'ac-yyuy2fs-shard-00-02.gzjsydy.mongodb.net',
  database_port: 27017,
  name: 'music-app',
  keepAlive: undefined,
  level: 'info',
  message: 'Succesfully connected to the database',
  label: 'log',
  timestamp: '2023-06-05T20:15:14.392Z'
}
{
  level: 'info',
  message: 'LOG : Server is started',
  label: 'log',
  timestamp: '2023-06-05T20:15:30.004Z'
}
{
  hostName: 'ac-yyuy2fs-shard-00-02.gzjsydy.mongodb.net',
  database_port: 27017,
  name: 'music-app',
  keepAlive: undefined,
  level: 'info',
  message: 'Succesfully connected to the database',
  label: 'log',
  timestamp: '2023-06-05T20:15:30.595Z'
}
{
  level: 'info',
  message: 'LOG : Server is started',
  label: 'log',
  timestamp: '2023-06-05T20:15:43.358Z'
}
{
  hostName: 'ac-yyuy2fs-shard-00-02.gzjsydy.mongodb.net',
  database_port: 27017,
  name: 'music-app',
  keepAlive: undefined,
  level: 'info',
  message: 'Succesfully connected to the database',
  label: 'log',
  timestamp: '2023-06-05T20:15:43.941Z'
}
